#
# There is insufficient memory for the Java Runtime Environment to continue.
# Native memory allocation (malloc) failed to allocate 146256 bytes for Chunk::new
# Possible reasons:
#   The system is out of physical RAM or swap space
#   The process is running with CompressedOops enabled, and the Java Heap may be blocking the growth of the native heap
# Possible solutions:
#   Reduce memory load on the system
#   Increase physical memory or swap space
#   Check if swap backing store is full
#   Decrease Java heap size (-Xmx/-Xms)
#   Decrease number of Java threads
#   Decrease Java thread stack sizes (-Xss)
#   Set larger code cache with -XX:ReservedCodeCacheSize=
#   JVM is running with Unscaled Compressed Oops mode in which the Java heap is
#     placed in the first 4GB address space. The Java Heap base address is the
#     maximum limit for the native heap growth. Please use -XX:HeapBaseMinAddress
#     to set the Java Heap base and to place the Java Heap above 4GB virtual address.
# This output file may be truncated or incomplete.
#
#  Out of Memory Error (arena.cpp:189), pid=9676, tid=5280
#
# JRE version: Java(TM) SE Runtime Environment (17.0.8+9) (build 17.0.8+9-LTS-211)
# Java VM: Java HotSpot(TM) 64-Bit Server VM (17.0.8+9-LTS-211, mixed mode, sharing, tiered, compressed oops, compressed class ptrs, g1 gc, windows-amd64)
# No core dump will be written. Minidumps are not enabled by default on client versions of Windows
#

---------------  S U M M A R Y ------------

Command Line: -javaagent:C:\Program Files\JetBrains\IntelliJ IDEA 2023.2.2\lib\idea_rt.jar=63213:C:\Program Files\JetBrains\IntelliJ IDEA 2023.2.2\bin -Dfile.encoding=UTF-8 fit.iuh.edu.week02_lap_20062501_phamtronghieu_server.RunJPA

Host: Intel(R) Core(TM) i7 CPU       M 640  @ 2.80GHz, 4 cores, 7G,  Windows 8.1 , 64 bit Build 9600 (6.3.9600.17415)
Time: Mon Sep 25 22:26:32 2023 SE Asia Standard Time elapsed time: 8.489558 seconds (0d 0h 0m 8s)

---------------  T H R E A D  ---------------

Current thread (0x0000005fdb061110):  JavaThread "C2 CompilerThread0" daemon [_thread_in_native, id=5280, stack(0x0000005fdbbe0000,0x0000005fdbce0000)]


Current CompileTask:
C2:   8489 1095       4       java.lang.String::replace (42 bytes)

Stack: [0x0000005fdbbe0000,0x0000005fdbce0000]
Native frames: (J=compiled Java code, j=interpreted, Vv=VM code, C=native code)
V  [jvm.dll+0x677d0a]
V  [jvm.dll+0x7d8c54]
V  [jvm.dll+0x7da3fe]
V  [jvm.dll+0x7daa63]
V  [jvm.dll+0x245c5f]
V  [jvm.dll+0xaaa6b]
V  [jvm.dll+0xab00c]
V  [jvm.dll+0x2ab5cf]
V  [jvm.dll+0x580435]
V  [jvm.dll+0x220b22]
V  [jvm.dll+0x220eff]
V  [jvm.dll+0x219e56]
V  [jvm.dll+0x217329]
V  [jvm.dll+0x1a3af0]
V  [jvm.dll+0x2270be]
V  [jvm.dll+0x22535b]
V  [jvm.dll+0x78e7bc]
V  [jvm.dll+0x788bba]
V  [jvm.dll+0x676b35]
C  [ucrtbase.DLL+0x214c2]
C  [KERNEL32.DLL+0x13d2]
C  [ntdll.dll+0x154e4]


---------------  P R O C E S S  ---------------

Threads class SMR info:
_java_thread_list=0x0000006021b2c8b0, length=13, elements={
0x0000005fbd5b90d0, 0x0000005fdb04b5f0, 0x0000005fdb04c460, 0x0000005fdb05c450,
0x0000005fdb05cd10, 0x0000005fdb05d8c0, 0x0000005fdb060380, 0x0000005fdb061110,
0x0000005fdb06d750, 0x0000006021018050, 0x00000060210a9a20, 0x00000060213fe100,
0x00000060213fe5d0
}

Java Threads: ( => current thread )
  0x0000005fbd5b90d0 JavaThread "main" [_thread_in_vm, id=6008, stack(0x0000005fbcc60000,0x0000005fbcd60000)]
  0x0000005fdb04b5f0 JavaThread "Reference Handler" daemon [_thread_blocked, id=3376, stack(0x0000005fdb3c0000,0x0000005fdb4c0000)]
  0x0000005fdb04c460 JavaThread "Finalizer" daemon [_thread_blocked, id=2480, stack(0x0000005fdb4c0000,0x0000005fdb5c0000)]
  0x0000005fdb05c450 JavaThread "Signal Dispatcher" daemon [_thread_blocked, id=12120, stack(0x0000005fdb7e0000,0x0000005fdb8e0000)]
  0x0000005fdb05cd10 JavaThread "Attach Listener" daemon [_thread_blocked, id=10936, stack(0x0000005fdb8e0000,0x0000005fdb9e0000)]
  0x0000005fdb05d8c0 JavaThread "Service Thread" daemon [_thread_blocked, id=9016, stack(0x0000005fdb9e0000,0x0000005fdbae0000)]
  0x0000005fdb060380 JavaThread "Monitor Deflation Thread" daemon [_thread_blocked, id=11288, stack(0x0000005fdbae0000,0x0000005fdbbe0000)]
=>0x0000005fdb061110 JavaThread "C2 CompilerThread0" daemon [_thread_in_native, id=5280, stack(0x0000005fdbbe0000,0x0000005fdbce0000)]
  0x0000005fdb06d750 JavaThread "C1 CompilerThread0" daemon [_thread_blocked, id=7220, stack(0x0000005fdbce0000,0x0000005fdbde0000)]
  0x0000006021018050 JavaThread "Sweeper thread" daemon [_thread_blocked, id=5324, stack(0x0000005fdbde0000,0x0000005fdbee0000)]
  0x00000060210a9a20 JavaThread "Common-Cleaner" daemon [_thread_blocked, id=11020, stack(0x0000005fdbee0000,0x0000005fdbfe0000)]
  0x00000060213fe100 JavaThread "Monitor Ctrl-Break" daemon [_thread_in_native, id=8044, stack(0x0000006021c00000,0x0000006021d00000)]
  0x00000060213fe5d0 JavaThread "Notification Thread" daemon [_thread_blocked, id=6588, stack(0x0000006021d00000,0x0000006021e00000)]

Other Threads:
  0x0000005fdb0469c0 VMThread "VM Thread" [stack: 0x0000005fdb2c0000,0x0000005fdb3c0000] [id=11856]
  0x0000006021519640 WatcherThread [stack: 0x0000006021e00000,0x0000006021f00000] [id=7476]
  0x0000005fbd6148f0 GCTaskThread "GC Thread#0" [stack: 0x0000005fbd3d0000,0x0000005fbd4d0000] [id=7092]
  0x00000060214a2210 GCTaskThread "GC Thread#1" [stack: 0x0000006022000000,0x0000006022100000] [id=11880]
  0x00000060217da440 GCTaskThread "GC Thread#2" [stack: 0x0000006022100000,0x0000006022200000] [id=3044]
  0x0000006021a885b0 GCTaskThread "GC Thread#3" [stack: 0x0000006022200000,0x0000006022300000] [id=8476]
  0x0000005fbd6251f0 ConcurrentGCThread "G1 Main Marker" [stack: 0x0000005fd8880000,0x0000005fd8980000] [id=3712]
  0x0000005fbd625c00 ConcurrentGCThread "G1 Conc#0" [stack: 0x0000005fd8980000,0x0000005fd8a80000] [id=2604]
  0x0000005fbd658d30 ConcurrentGCThread "G1 Refine#0" [stack: 0x0000005fdb0c0000,0x0000005fdb1c0000] [id=1360]
  0x0000006021932d20 ConcurrentGCThread "G1 Refine#1" [stack: 0x0000006022300000,0x0000006022400000] [id=3408]
  0x0000005fbd659750 ConcurrentGCThread "G1 Service" [stack: 0x0000005fdb1c0000,0x0000005fdb2c0000] [id=3400]

Threads with active compile tasks:
C2 CompilerThread0     8810 1095       4       java.lang.String::replace (42 bytes)

VM state: not at safepoint (normal execution)

VM Mutex/Monitor currently owned by a thread:  ([mutex/lock_event])
[0x0000005fbd5b4710] Metaspace_lock - owner thread: 0x0000005fbd5b90d0

Heap address: 0x0000000083200000, size: 1998 MB, Compressed Oops mode: 32-bit

CDS archive(s) mapped at: [0x0000005fdc000000-0x0000005fdcbd0000-0x0000005fdcbd0000), size 12386304, SharedBaseAddress: 0x0000005fdc000000, ArchiveRelocationMode: 1.
Compressed class space mapped at: 0x0000005fdd000000-0x000000601d000000, reserved size: 1073741824
Narrow klass base: 0x0000005fdc000000, Narrow klass shift: 0, Narrow klass range: 0x100000000

GC Precious Log:
 CPUs: 4 total, 4 available
 Memory: 7989M
 Large Page Support: Disabled
 NUMA Support: Disabled
 Compressed Oops: Enabled (32-bit)
 Heap Region Size: 1M
 Heap Min Capacity: 8M
 Heap Initial Capacity: 126M
 Heap Max Capacity: 1998M
 Pre-touch: Disabled
 Parallel Workers: 4
 Concurrent Workers: 1
 Concurrent Refinement Workers: 4
 Periodic GC: Disabled

Heap:
 garbage-first heap   total 129024K, used 6501K [0x0000000083200000, 0x0000000100000000)
  region size 1024K, 2 young (2048K), 1 survivors (1024K)
 Metaspace       used 9495K, committed 9600K, reserved 1114112K
  class space    used 1123K, committed 1152K, reserved 1048576K

Heap Regions: E=young(eden), S=young(survivor), O=old, HS=humongous(starts), HC=humongous(continues), CS=collection set, F=free, OA=open archive, CA=closed archive, TAMS=top-at-mark-start (previous, next)
|   0|0x0000000083200000, 0x0000000083300000, 0x0000000083300000|100%|HS|  |TAMS 0x0000000083200000, 0x0000000083200000| Complete 
|   1|0x0000000083300000, 0x0000000083400000, 0x0000000083400000|100%| O|  |TAMS 0x0000000083300000, 0x0000000083300000| Untracked 
|   2|0x0000000083400000, 0x0000000083500000, 0x0000000083500000|100%| O|  |TAMS 0x0000000083400000, 0x0000000083400000| Untracked 
|   3|0x0000000083500000, 0x0000000083600000, 0x0000000083600000|100%| O|  |TAMS 0x0000000083500000, 0x0000000083500000| Untracked 
|   4|0x0000000083600000, 0x0000000083700000, 0x0000000083700000|100%| O|  |TAMS 0x0000000083600000, 0x0000000083600000| Untracked 
|   5|0x0000000083700000, 0x00000000837c2a00, 0x0000000083800000| 76%| O|  |TAMS 0x0000000083700000, 0x0000000083700000| Untracked 
|   6|0x0000000083800000, 0x0000000083800000, 0x0000000083900000|  0%| F|  |TAMS 0x0000000083800000, 0x0000000083800000| Untracked 
|   7|0x0000000083900000, 0x0000000083900000, 0x0000000083a00000|  0%| F|  |TAMS 0x0000000083900000, 0x0000000083900000| Untracked 
|   8|0x0000000083a00000, 0x0000000083a00000, 0x0000000083b00000|  0%| F|  |TAMS 0x0000000083a00000, 0x0000000083a00000| Untracked 
|   9|0x0000000083b00000, 0x0000000083b00000, 0x0000000083c00000|  0%| F|  |TAMS 0x0000000083b00000, 0x0000000083b00000| Untracked 
|  10|0x0000000083c00000, 0x0000000083c00000, 0x0000000083d00000|  0%| F|  |TAMS 0x0000000083c00000, 0x0000000083c00000| Untracked 
|  11|0x0000000083d00000, 0x0000000083d00000, 0x0000000083e00000|  0%| F|  |TAMS 0x0000000083d00000, 0x0000000083d00000| Untracked 
|  12|0x0000000083e00000, 0x0000000083e00000, 0x0000000083f00000|  0%| F|  |TAMS 0x0000000083e00000, 0x0000000083e00000| Untracked 
|  13|0x0000000083f00000, 0x0000000083f00000, 0x0000000084000000|  0%| F|  |TAMS 0x0000000083f00000, 0x0000000083f00000| Untracked 
|  14|0x0000000084000000, 0x0000000084000000, 0x0000000084100000|  0%| F|  |TAMS 0x0000000084000000, 0x0000000084000000| Untracked 
|  15|0x0000000084100000, 0x0000000084100000, 0x0000000084200000|  0%| F|  |TAMS 0x0000000084100000, 0x0000000084100000| Untracked 
|  16|0x0000000084200000, 0x0000000084200000, 0x0000000084300000|  0%| F|  |TAMS 0x0000000084200000, 0x0000000084200000| Untracked 
|  17|0x0000000084300000, 0x0000000084300000, 0x0000000084400000|  0%| F|  |TAMS 0x0000000084300000, 0x0000000084300000| Untracked 
|  18|0x0000000084400000, 0x0000000084400000, 0x0000000084500000|  0%| F|  |TAMS 0x0000000084400000, 0x0000000084400000| Untracked 
|  19|0x0000000084500000, 0x0000000084500000, 0x0000000084600000|  0%| F|  |TAMS 0x0000000084500000, 0x0000000084500000| Untracked 
|  20|0x0000000084600000, 0x0000000084600000, 0x0000000084700000|  0%| F|  |TAMS 0x0000000084600000, 0x0000000084600000| Untracked 
|  21|0x0000000084700000, 0x0000000084700000, 0x0000000084800000|  0%| F|  |TAMS 0x0000000084700000, 0x0000000084700000| Untracked 
|  22|0x0000000084800000, 0x0000000084800000, 0x0000000084900000|  0%| F|  |TAMS 0x0000000084800000, 0x0000000084800000| Untracked 
|  23|0x0000000084900000, 0x0000000084900000, 0x0000000084a00000|  0%| F|  |TAMS 0x0000000084900000, 0x0000000084900000| Untracked 
|  24|0x0000000084a00000, 0x0000000084a00000, 0x0000000084b00000|  0%| F|  |TAMS 0x0000000084a00000, 0x0000000084a00000| Untracked 
|  25|0x0000000084b00000, 0x0000000084b00000, 0x0000000084c00000|  0%| F|  |TAMS 0x0000000084b00000, 0x0000000084b00000| Untracked 
|  26|0x0000000084c00000, 0x0000000084c00000, 0x0000000084d00000|  0%| F|  |TAMS 0x0000000084c00000, 0x0000000084c00000| Untracked 
|  27|0x0000000084d00000, 0x0000000084d00000, 0x0000000084e00000|  0%| F|  |TAMS 0x0000000084d00000, 0x0000000084d00000| Untracked 
|  28|0x0000000084e00000, 0x0000000084e00000, 0x0000000084f00000|  0%| F|  |TAMS 0x0000000084e00000, 0x0000000084e00000| Untracked 
|  29|0x0000000084f00000, 0x0000000084f00000, 0x0000000085000000|  0%| F|  |TAMS 0x0000000084f00000, 0x0000000084f00000| Untracked 
|  30|0x0000000085000000, 0x0000000085000000, 0x0000000085100000|  0%| F|  |TAMS 0x0000000085000000, 0x0000000085000000| Untracked 
|  31|0x0000000085100000, 0x0000000085100000, 0x0000000085200000|  0%| F|  |TAMS 0x0000000085100000, 0x0000000085100000| Untracked 
|  32|0x0000000085200000, 0x0000000085200000, 0x0000000085300000|  0%| F|  |TAMS 0x0000000085200000, 0x0000000085200000| Untracked 
|  33|0x0000000085300000, 0x0000000085300000, 0x0000000085400000|  0%| F|  |TAMS 0x0000000085300000, 0x0000000085300000| Untracked 
|  34|0x0000000085400000, 0x0000000085400000, 0x0000000085500000|  0%| F|  |TAMS 0x0000000085400000, 0x0000000085400000| Untracked 
|  35|0x0000000085500000, 0x0000000085500000, 0x0000000085600000|  0%| F|  |TAMS 0x0000000085500000, 0x0000000085500000| Untracked 
|  36|0x0000000085600000, 0x0000000085600000, 0x0000000085700000|  0%| F|  |TAMS 0x0000000085600000, 0x0000000085600000| Untracked 
|  37|0x0000000085700000, 0x0000000085700000, 0x0000000085800000|  0%| F|  |TAMS 0x0000000085700000, 0x0000000085700000| Untracked 
|  38|0x0000000085800000, 0x0000000085800000, 0x0000000085900000|  0%| F|  |TAMS 0x0000000085800000, 0x0000000085800000| Untracked 
|  39|0x0000000085900000, 0x0000000085900000, 0x0000000085a00000|  0%| F|  |TAMS 0x0000000085900000, 0x0000000085900000| Untracked 
|  40|0x0000000085a00000, 0x0000000085a00000, 0x0000000085b00000|  0%| F|  |TAMS 0x0000000085a00000, 0x0000000085a00000| Untracked 
|  41|0x0000000085b00000, 0x0000000085b00000, 0x0000000085c00000|  0%| F|  |TAMS 0x0000000085b00000, 0x0000000085b00000| Untracked 
|  42|0x0000000085c00000, 0x0000000085c00000, 0x0000000085d00000|  0%| F|  |TAMS 0x0000000085c00000, 0x0000000085c00000| Untracked 
|  43|0x0000000085d00000, 0x0000000085d00000, 0x0000000085e00000|  0%| F|  |TAMS 0x0000000085d00000, 0x0000000085d00000| Untracked 
|  44|0x0000000085e00000, 0x0000000085e00000, 0x0000000085f00000|  0%| F|  |TAMS 0x0000000085e00000, 0x0000000085e00000| Untracked 
|  45|0x0000000085f00000, 0x0000000085f00000, 0x0000000086000000|  0%| F|  |TAMS 0x0000000085f00000, 0x0000000085f00000| Untracked 
|  46|0x0000000086000000, 0x0000000086000000, 0x0000000086100000|  0%| F|  |TAMS 0x0000000086000000, 0x0000000086000000| Untracked 
|  47|0x0000000086100000, 0x0000000086100000, 0x0000000086200000|  0%| F|  |TAMS 0x0000000086100000, 0x0000000086100000| Untracked 
|  48|0x0000000086200000, 0x0000000086200000, 0x0000000086300000|  0%| F|  |TAMS 0x0000000086200000, 0x0000000086200000| Untracked 
|  49|0x0000000086300000, 0x0000000086300000, 0x0000000086400000|  0%| F|  |TAMS 0x0000000086300000, 0x0000000086300000| Untracked 
|  50|0x0000000086400000, 0x0000000086400000, 0x0000000086500000|  0%| F|  |TAMS 0x0000000086400000, 0x0000000086400000| Untracked 
|  51|0x0000000086500000, 0x0000000086500000, 0x0000000086600000|  0%| F|  |TAMS 0x0000000086500000, 0x0000000086500000| Untracked 
|  52|0x0000000086600000, 0x0000000086600000, 0x0000000086700000|  0%| F|  |TAMS 0x0000000086600000, 0x0000000086600000| Untracked 
|  53|0x0000000086700000, 0x0000000086700000, 0x0000000086800000|  0%| F|  |TAMS 0x0000000086700000, 0x0000000086700000| Untracked 
|  54|0x0000000086800000, 0x0000000086800000, 0x0000000086900000|  0%| F|  |TAMS 0x0000000086800000, 0x0000000086800000| Untracked 
|  55|0x0000000086900000, 0x0000000086900000, 0x0000000086a00000|  0%| F|  |TAMS 0x0000000086900000, 0x0000000086900000| Untracked 
|  56|0x0000000086a00000, 0x0000000086a00000, 0x0000000086b00000|  0%| F|  |TAMS 0x0000000086a00000, 0x0000000086a00000| Untracked 
|  57|0x0000000086b00000, 0x0000000086b00000, 0x0000000086c00000|  0%| F|  |TAMS 0x0000000086b00000, 0x0000000086b00000| Untracked 
|  58|0x0000000086c00000, 0x0000000086c00000, 0x0000000086d00000|  0%| F|  |TAMS 0x0000000086c00000, 0x0000000086c00000| Untracked 
|  59|0x0000000086d00000, 0x0000000086d00000, 0x0000000086e00000|  0%| F|  |TAMS 0x0000000086d00000, 0x0000000086d00000| Untracked 
|  60|0x0000000086e00000, 0x0000000086e00000, 0x0000000086f00000|  0%| F|  |TAMS 0x0000000086e00000, 0x0000000086e00000| Untracked 
|  61|0x0000000086f00000, 0x0000000086f00000, 0x0000000087000000|  0%| F|  |TAMS 0x0000000086f00000, 0x0000000086f00000| Untracked 
|  62|0x0000000087000000, 0x0000000087000000, 0x0000000087100000|  0%| F|  |TAMS 0x0000000087000000, 0x0000000087000000| Untracked 
|  63|0x0000000087100000, 0x0000000087100000, 0x0000000087200000|  0%| F|  |TAMS 0x0000000087100000, 0x0000000087100000| Untracked 
|  64|0x0000000087200000, 0x0000000087200000, 0x0000000087300000|  0%| F|  |TAMS 0x0000000087200000, 0x0000000087200000| Untracked 
|  65|0x0000000087300000, 0x0000000087300000, 0x0000000087400000|  0%| F|  |TAMS 0x0000000087300000, 0x0000000087300000| Untracked 
|  66|0x0000000087400000, 0x0000000087400000, 0x0000000087500000|  0%| F|  |TAMS 0x0000000087400000, 0x0000000087400000| Untracked 
|  67|0x0000000087500000, 0x0000000087500000, 0x0000000087600000|  0%| F|  |TAMS 0x0000000087500000, 0x0000000087500000| Untracked 
|  68|0x0000000087600000, 0x0000000087600000, 0x0000000087700000|  0%| F|  |TAMS 0x0000000087600000, 0x0000000087600000| Untracked 
|  69|0x0000000087700000, 0x0000000087700000, 0x0000000087800000|  0%| F|  |TAMS 0x0000000087700000, 0x0000000087700000| Untracked 
|  70|0x0000000087800000, 0x0000000087800000, 0x0000000087900000|  0%| F|  |TAMS 0x0000000087800000, 0x0000000087800000| Untracked 
|  71|0x0000000087900000, 0x0000000087900000, 0x0000000087a00000|  0%| F|  |TAMS 0x0000000087900000, 0x0000000087900000| Untracked 
|  72|0x0000000087a00000, 0x0000000087a00000, 0x0000000087b00000|  0%| F|  |TAMS 0x0000000087a00000, 0x0000000087a00000| Untracked 
|  73|0x0000000087b00000, 0x0000000087b00000, 0x0000000087c00000|  0%| F|  |TAMS 0x0000000087b00000, 0x0000000087b00000| Untracked 
|  74|0x0000000087c00000, 0x0000000087c00000, 0x0000000087d00000|  0%| F|  |TAMS 0x0000000087c00000, 0x0000000087c00000| Untracked 
|  75|0x0000000087d00000, 0x0000000087d00000, 0x0000000087e00000|  0%| F|  |TAMS 0x0000000087d00000, 0x0000000087d00000| Untracked 
|  76|0x0000000087e00000, 0x0000000087e00000, 0x0000000087f00000|  0%| F|  |TAMS 0x0000000087e00000, 0x0000000087e00000| Untracked 
|  77|0x0000000087f00000, 0x0000000087f00000, 0x0000000088000000|  0%| F|  |TAMS 0x0000000087f00000, 0x0000000087f00000| Untracked 
|  78|0x0000000088000000, 0x0000000088000000, 0x0000000088100000|  0%| F|  |TAMS 0x0000000088000000, 0x0000000088000000| Untracked 
|  79|0x0000000088100000, 0x0000000088100000, 0x0000000088200000|  0%| F|  |TAMS 0x0000000088100000, 0x0000000088100000| Untracked 
|  80|0x0000000088200000, 0x0000000088200000, 0x0000000088300000|  0%| F|  |TAMS 0x0000000088200000, 0x0000000088200000| Untracked 
|  81|0x0000000088300000, 0x0000000088300000, 0x0000000088400000|  0%| F|  |TAMS 0x0000000088300000, 0x0000000088300000| Untracked 
|  82|0x0000000088400000, 0x0000000088400000, 0x0000000088500000|  0%| F|  |TAMS 0x0000000088400000, 0x0000000088400000| Untracked 
|  83|0x0000000088500000, 0x0000000088500000, 0x0000000088600000|  0%| F|  |TAMS 0x0000000088500000, 0x0000000088500000| Untracked 
|  84|0x0000000088600000, 0x0000000088600000, 0x0000000088700000|  0%| F|  |TAMS 0x0000000088600000, 0x0000000088600000| Untracked 
|  85|0x0000000088700000, 0x0000000088700000, 0x0000000088800000|  0%| F|  |TAMS 0x0000000088700000, 0x0000000088700000| Untracked 
|  86|0x0000000088800000, 0x0000000088800000, 0x0000000088900000|  0%| F|  |TAMS 0x0000000088800000, 0x0000000088800000| Untracked 
|  87|0x0000000088900000, 0x0000000088900000, 0x0000000088a00000|  0%| F|  |TAMS 0x0000000088900000, 0x0000000088900000| Untracked 
|  88|0x0000000088a00000, 0x0000000088a00000, 0x0000000088b00000|  0%| F|  |TAMS 0x0000000088a00000, 0x0000000088a00000| Untracked 
|  89|0x0000000088b00000, 0x0000000088b00000, 0x0000000088c00000|  0%| F|  |TAMS 0x0000000088b00000, 0x0000000088b00000| Untracked 
|  90|0x0000000088c00000, 0x0000000088c00000, 0x0000000088d00000|  0%| F|  |TAMS 0x0000000088c00000, 0x0000000088c00000| Untracked 
|  91|0x0000000088d00000, 0x0000000088d00000, 0x0000000088e00000|  0%| F|  |TAMS 0x0000000088d00000, 0x0000000088d00000| Untracked 
|  92|0x0000000088e00000, 0x0000000088e00000, 0x0000000088f00000|  0%| F|  |TAMS 0x0000000088e00000, 0x0000000088e00000| Untracked 
|  93|0x0000000088f00000, 0x0000000088f00000, 0x0000000089000000|  0%| F|  |TAMS 0x0000000088f00000, 0x0000000088f00000| Untracked 
|  94|0x0000000089000000, 0x0000000089000000, 0x0000000089100000|  0%| F|  |TAMS 0x0000000089000000, 0x0000000089000000| Untracked 
|  95|0x0000000089100000, 0x0000000089100000, 0x0000000089200000|  0%| F|  |TAMS 0x0000000089100000, 0x0000000089100000| Untracked 
|  96|0x0000000089200000, 0x0000000089200000, 0x0000000089300000|  0%| F|  |TAMS 0x0000000089200000, 0x0000000089200000| Untracked 
|  97|0x0000000089300000, 0x0000000089300000, 0x0000000089400000|  0%| F|  |TAMS 0x0000000089300000, 0x0000000089300000| Untracked 
|  98|0x0000000089400000, 0x0000000089400000, 0x0000000089500000|  0%| F|  |TAMS 0x0000000089400000, 0x0000000089400000| Untracked 
|  99|0x0000000089500000, 0x0000000089500000, 0x0000000089600000|  0%| F|  |TAMS 0x0000000089500000, 0x0000000089500000| Untracked 
| 100|0x0000000089600000, 0x0000000089600000, 0x0000000089700000|  0%| F|  |TAMS 0x0000000089600000, 0x0000000089600000| Untracked 
| 101|0x0000000089700000, 0x0000000089700000, 0x0000000089800000|  0%| F|  |TAMS 0x0000000089700000, 0x0000000089700000| Untracked 
| 102|0x0000000089800000, 0x0000000089800000, 0x0000000089900000|  0%| F|  |TAMS 0x0000000089800000, 0x0000000089800000| Untracked 
| 103|0x0000000089900000, 0x0000000089900000, 0x0000000089a00000|  0%| F|  |TAMS 0x0000000089900000, 0x0000000089900000| Untracked 
| 104|0x0000000089a00000, 0x0000000089a00000, 0x0000000089b00000|  0%| F|  |TAMS 0x0000000089a00000, 0x0000000089a00000| Untracked 
| 105|0x0000000089b00000, 0x0000000089b00000, 0x0000000089c00000|  0%| F|  |TAMS 0x0000000089b00000, 0x0000000089b00000| Untracked 
| 106|0x0000000089c00000, 0x0000000089c00000, 0x0000000089d00000|  0%| F|  |TAMS 0x0000000089c00000, 0x0000000089c00000| Untracked 
| 107|0x0000000089d00000, 0x0000000089d00000, 0x0000000089e00000|  0%| F|  |TAMS 0x0000000089d00000, 0x0000000089d00000| Untracked 
| 108|0x0000000089e00000, 0x0000000089e00000, 0x0000000089f00000|  0%| F|  |TAMS 0x0000000089e00000, 0x0000000089e00000| Untracked 
| 109|0x0000000089f00000, 0x0000000089f00000, 0x000000008a000000|  0%| F|  |TAMS 0x0000000089f00000, 0x0000000089f00000| Untracked 
| 110|0x000000008a000000, 0x000000008a000000, 0x000000008a100000|  0%| F|  |TAMS 0x000000008a000000, 0x000000008a000000| Untracked 
| 111|0x000000008a100000, 0x000000008a100000, 0x000000008a200000|  0%| F|  |TAMS 0x000000008a100000, 0x000000008a100000| Untracked 
| 112|0x000000008a200000, 0x000000008a200000, 0x000000008a300000|  0%| F|  |TAMS 0x000000008a200000, 0x000000008a200000| Untracked 
| 113|0x000000008a300000, 0x000000008a300000, 0x000000008a400000|  0%| F|  |TAMS 0x000000008a300000, 0x000000008a300000| Untracked 
| 114|0x000000008a400000, 0x000000008a400000, 0x000000008a500000|  0%| F|  |TAMS 0x000000008a400000, 0x000000008a400000| Untracked 
| 115|0x000000008a500000, 0x000000008a596ac8, 0x000000008a600000| 58%| S|CS|TAMS 0x000000008a500000, 0x000000008a500000| Complete 
| 116|0x000000008a600000, 0x000000008a600000, 0x000000008a700000|  0%| F|  |TAMS 0x000000008a600000, 0x000000008a600000| Untracked 
| 117|0x000000008a700000, 0x000000008a700000, 0x000000008a800000|  0%| F|  |TAMS 0x000000008a700000, 0x000000008a700000| Untracked 
| 118|0x000000008a800000, 0x000000008a800000, 0x000000008a900000|  0%| F|  |TAMS 0x000000008a800000, 0x000000008a800000| Untracked 
| 119|0x000000008a900000, 0x000000008a900000, 0x000000008aa00000|  0%| F|  |TAMS 0x000000008a900000, 0x000000008a900000| Untracked 
| 120|0x000000008aa00000, 0x000000008aa00000, 0x000000008ab00000|  0%| F|  |TAMS 0x000000008aa00000, 0x000000008aa00000| Untracked 
| 121|0x000000008ab00000, 0x000000008ab00000, 0x000000008ac00000|  0%| F|  |TAMS 0x000000008ab00000, 0x000000008ab00000| Untracked 
| 122|0x000000008ac00000, 0x000000008ac00000, 0x000000008ad00000|  0%| F|  |TAMS 0x000000008ac00000, 0x000000008ac00000| Untracked 
| 123|0x000000008ad00000, 0x000000008ad00000, 0x000000008ae00000|  0%| F|  |TAMS 0x000000008ad00000, 0x000000008ad00000| Untracked 
| 124|0x000000008ae00000, 0x000000008ae00000, 0x000000008af00000|  0%| F|  |TAMS 0x000000008ae00000, 0x000000008ae00000| Untracked 
| 125|0x000000008af00000, 0x000000008af9b688, 0x000000008b000000| 60%| E|  |TAMS 0x000000008af00000, 0x000000008af00000| Complete 

Card table byte_map: [0x0000005fd4220000,0x0000005fd4610000] _byte_map_base: 0x0000005fd3e07000

Marking Bits (Prev, Next): (CMBitMap*) 0x0000005fbd614f00, (CMBitMap*) 0x0000005fbd614f40
 Prev Bits: [0x0000005fd4a00000, 0x0000005fd6938000)
 Next Bits: [0x0000005fd6940000, 0x0000005fd8878000)

Polling page: 0x0000005fbb4d0000

Metaspace:

Usage:
  Non-class:      8.18 MB used.
      Class:      1.10 MB used.
       Both:      9.27 MB used.

Virtual space:
  Non-class space:       64.00 MB reserved,       8.25 MB ( 13%) committed,  1 nodes.
      Class space:        1.00 GB reserved,       1.12 MB ( <1%) committed,  1 nodes.
             Both:        1.06 GB reserved,       9.38 MB ( <1%) committed. 

Chunk freelists:
   Non-Class:  7.61 MB
       Class:  14.75 MB
        Both:  22.36 MB

MaxMetaspaceSize: unlimited
CompressedClassSpaceSize: 1.00 GB
Initial GC threshold: 21.00 MB
Current GC threshold: 21.00 MB
CDS: on
MetaspaceReclaimPolicy: balanced
 - commit_granule_bytes: 65536.
 - commit_granule_words: 8192.
 - virtual_space_node_default_size: 8388608.
 - enlarge_chunks_in_place: 1.
 - new_chunks_are_fully_committed: 0.
 - uncommit_free_chunks: 1.
 - use_allocation_guard: 0.
 - handle_deallocations: 1.


Internal statistics:

num_allocs_failed_limit: 0.
num_arena_births: 88.
num_arena_deaths: 0.
num_vsnodes_births: 2.
num_vsnodes_deaths: 0.
num_space_committed: 150.
num_space_uncommitted: 0.
num_chunks_returned_to_freelist: 0.
num_chunks_taken_from_freelist: 276.
num_chunk_merges: 0.
num_chunk_splits: 191.
num_chunks_enlarged: 136.
num_purges: 0.
num_inconsistent_stats: 0.

CodeHeap 'non-profiled nmethods': size=120000Kb used=395Kb max_used=395Kb free=119604Kb
 bounds [0x0000005fcc900000, 0x0000005fccb70000, 0x0000005fd3e30000]
CodeHeap 'profiled nmethods': size=120000Kb used=2004Kb max_used=2004Kb free=117995Kb
 bounds [0x0000005fc4e30000, 0x0000005fc50a0000, 0x0000005fcc360000]
CodeHeap 'non-nmethods': size=5760Kb used=1162Kb max_used=1181Kb free=4597Kb
 bounds [0x0000005fcc360000, 0x0000005fcc5d0000, 0x0000005fcc900000]
 total_blobs=1557 nmethods=1101 adapters=370
 compilation: enabled
              stopped_count=0, restarted_count=0
 full_count=0

Compilation events (20 events):
Event: 8.191 Thread 0x0000005fdb06d750 nmethod 1087 0x0000005fc501d190 code [0x0000005fc501d340, 0x0000005fc501d5a8]
Event: 8.191 Thread 0x0000005fdb06d750 1088       3       java.lang.reflect.ReflectAccess::getExecutableSharedParameterTypes (5 bytes)
Event: 8.192 Thread 0x0000005fdb06d750 nmethod 1088 0x0000005fc501d710 code [0x0000005fc501d8c0, 0x0000005fc501da88]
Event: 8.192 Thread 0x0000005fdb06d750 1090       3       java.lang.reflect.Method::<init> (68 bytes)
Event: 8.193 Thread 0x0000005fdb06d750 nmethod 1090 0x0000005fc501db90 code [0x0000005fc501dd60, 0x0000005fc501e2f8]
Event: 8.193 Thread 0x0000005fdb06d750 1089       3       java.lang.PublicMethods$Key::hashCode (19 bytes)
Event: 8.194 Thread 0x0000005fdb06d750 nmethod 1089 0x0000005fc501e410 code [0x0000005fc501e5c0, 0x0000005fc501e758]
Event: 8.194 Thread 0x0000005fdb06d750 1091       1       java.lang.reflect.Method::getRoot (5 bytes)
Event: 8.194 Thread 0x0000005fdb06d750 nmethod 1091 0x0000005fcc962b90 code [0x0000005fcc962d20, 0x0000005fcc962df8]
Event: 8.203 Thread 0x0000005fdb06d750 1092       3       jdk.internal.loader.ClassLoaders::platformClassLoader (4 bytes)
Event: 8.204 Thread 0x0000005fdb06d750 nmethod 1092 0x0000005fc501e810 code [0x0000005fc501e9a0, 0x0000005fc501ea98]
Event: 8.246 Thread 0x0000005fdb06d750 1093       3       java.lang.invoke.BoundMethodHandle::<init> (32 bytes)
Event: 8.247 Thread 0x0000005fdb06d750 nmethod 1093 0x0000005fc501eb10 code [0x0000005fc501ecc0, 0x0000005fc501ee28]
Event: 8.334 Thread 0x0000005fdb06d750 1094   !   3       java.lang.reflect.Executable::declaredAnnotations (85 bytes)
Event: 8.334 Thread 0x0000005fdb061110 1095       4       java.lang.String::replace (42 bytes)
Event: 8.336 Thread 0x0000005fdb06d750 nmethod 1094 0x0000005fc501ef10 code [0x0000005fc501f140, 0x0000005fc501fa48]
Event: 8.339 Thread 0x0000005fdb06d750 1096       3       java.lang.invoke.MethodType::changeReturnType (20 bytes)
Event: 8.339 Thread 0x0000005fdb06d750 nmethod 1096 0x0000005fc501fe10 code [0x0000005fc501ffc0, 0x0000005fc5020188]
Event: 8.339 Thread 0x0000005fdb06d750 1097       3       java.lang.invoke.MethodTypeForm::cachedLambdaForm (23 bytes)
Event: 8.340 Thread 0x0000005fdb06d750 nmethod 1097 0x0000005fc5020210 code [0x0000005fc50203c0, 0x0000005fc5020728]

GC Heap History (3 events):
Event: 6.465 GC heap before
{Heap before GC invocations=0 (full 0):
 garbage-first heap   total 129024K, used 13312K [0x0000000083200000, 0x0000000100000000)
  region size 1024K, 13 young (13312K), 0 survivors (0K)
 Metaspace       used 6520K, committed 6720K, reserved 1114112K
  class space    used 647K, committed 768K, reserved 1048576K
}
Event: 6.494 GC heap after
{Heap after GC invocations=1 (full 0):
 garbage-first heap   total 129024K, used 5664K [0x0000000083200000, 0x0000000100000000)
  region size 1024K, 2 young (2048K), 2 survivors (2048K)
 Metaspace       used 6520K, committed 6720K, reserved 1114112K
  class space    used 647K, committed 768K, reserved 1048576K
}
Event: 8.401 GC heap before
{Heap before GC invocations=1 (full 0):
 garbage-first heap   total 129024K, used 15904K [0x0000000083200000, 0x0000000100000000)
  region size 1024K, 12 young (12288K), 2 survivors (2048K)
 Metaspace       used 9410K, committed 9536K, reserved 1114112K
  class space    used 1110K, committed 1152K, reserved 1048576K
}

Deoptimization events (20 events):
Event: 8.134 Thread 0x0000005fbd5b90d0 Uncommon trap: trap_request=0xffffffde fr.pc=0x0000005fcc961d34 relative=0x0000000000000114
Event: 8.134 Thread 0x0000005fbd5b90d0 Uncommon trap: reason=class_check action=maybe_recompile pc=0x0000005fcc961d34 method=jdk.internal.misc.Unsafe.allocateUninitializedArray(Ljava/lang/Class;I)Ljava/lang/Object; @ 51 c2
Event: 8.134 Thread 0x0000005fbd5b90d0 DEOPT PACKING pc=0x0000005fcc961d34 sp=0x0000005fbcd5deb0
Event: 8.135 Thread 0x0000005fbd5b90d0 DEOPT UNPACKING pc=0x0000005fcc3b239d sp=0x0000005fbcd5de38 mode 2
Event: 8.135 Thread 0x0000005fbd5b90d0 Uncommon trap: trap_request=0xffffffde fr.pc=0x0000005fcc961d34 relative=0x0000000000000114
Event: 8.135 Thread 0x0000005fbd5b90d0 Uncommon trap: reason=class_check action=maybe_recompile pc=0x0000005fcc961d34 method=jdk.internal.misc.Unsafe.allocateUninitializedArray(Ljava/lang/Class;I)Ljava/lang/Object; @ 51 c2
Event: 8.135 Thread 0x0000005fbd5b90d0 DEOPT PACKING pc=0x0000005fcc961d34 sp=0x0000005fbcd5dcc0
Event: 8.135 Thread 0x0000005fbd5b90d0 DEOPT UNPACKING pc=0x0000005fcc3b239d sp=0x0000005fbcd5dc48 mode 2
Event: 8.135 Thread 0x0000005fbd5b90d0 Uncommon trap: trap_request=0xffffffde fr.pc=0x0000005fcc961d34 relative=0x0000000000000114
Event: 8.135 Thread 0x0000005fbd5b90d0 Uncommon trap: reason=class_check action=maybe_recompile pc=0x0000005fcc961d34 method=jdk.internal.misc.Unsafe.allocateUninitializedArray(Ljava/lang/Class;I)Ljava/lang/Object; @ 51 c2
Event: 8.135 Thread 0x0000005fbd5b90d0 DEOPT PACKING pc=0x0000005fcc961d34 sp=0x0000005fbcd5de10
Event: 8.135 Thread 0x0000005fbd5b90d0 DEOPT UNPACKING pc=0x0000005fcc3b239d sp=0x0000005fbcd5dd98 mode 2
Event: 8.135 Thread 0x0000005fbd5b90d0 Uncommon trap: trap_request=0xffffffde fr.pc=0x0000005fcc961d34 relative=0x0000000000000114
Event: 8.135 Thread 0x0000005fbd5b90d0 Uncommon trap: reason=class_check action=maybe_recompile pc=0x0000005fcc961d34 method=jdk.internal.misc.Unsafe.allocateUninitializedArray(Ljava/lang/Class;I)Ljava/lang/Object; @ 51 c2
Event: 8.135 Thread 0x0000005fbd5b90d0 DEOPT PACKING pc=0x0000005fcc961d34 sp=0x0000005fbcd5de10
Event: 8.135 Thread 0x0000005fbd5b90d0 DEOPT UNPACKING pc=0x0000005fcc3b239d sp=0x0000005fbcd5dd98 mode 2
Event: 8.159 Thread 0x0000005fbd5b90d0 Uncommon trap: trap_request=0xffffff45 fr.pc=0x0000005fcc94ba2c relative=0x00000000000004cc
Event: 8.159 Thread 0x0000005fbd5b90d0 Uncommon trap: reason=unstable_if action=reinterpret pc=0x0000005fcc94ba2c method=java.util.concurrent.ConcurrentHashMap.get(Ljava/lang/Object;)Ljava/lang/Object; @ 76 c2
Event: 8.159 Thread 0x0000005fbd5b90d0 DEOPT PACKING pc=0x0000005fcc94ba2c sp=0x0000005fbcd5def0
Event: 8.159 Thread 0x0000005fbd5b90d0 DEOPT UNPACKING pc=0x0000005fcc3b239d sp=0x0000005fbcd5de98 mode 2

Classes unloaded (0 events):
No events

Classes redefined (0 events):
No events

Internal exceptions (6 events):
Event: 4.202 Thread 0x00000060213fe100 Exception <a 'java/lang/NoSuchMethodError'{0x000000008aa8c028}: 'java.lang.Object java.lang.invoke.DirectMethodHandle$Holder.invokeStaticInit(java.lang.Object)'> (0x000000008aa8c028) 
thrown [s\open\src\hotspot\share\interpreter\linkResolver.cpp, line 759]
Event: 4.275 Thread 0x00000060213fe100 Exception <a 'java/lang/NoSuchMethodError'{0x000000008aa99518}: 'void java.lang.invoke.DirectMethodHandle$Holder.invokeStatic(java.lang.Object, java.lang.Object)'> (0x000000008aa99518) 
thrown [s\open\src\hotspot\share\interpreter\linkResolver.cpp, line 759]
Event: 4.553 Thread 0x0000005fbd5b90d0 Exception <a 'java/lang/NoSuchMethodError'{0x000000008a9b92b0}: 'java.lang.Object java.lang.invoke.DirectMethodHandle$Holder.invokeStatic(java.lang.Object, java.lang.Object, int)'> (0x000000008a9b92b0) 
thrown [s\open\src\hotspot\share\interpreter\linkResolver.cpp, line 759]
Event: 4.561 Thread 0x0000005fbd5b90d0 Exception <a 'java/lang/NoSuchMethodError'{0x000000008a9c5098}: 'void java.lang.invoke.DelegatingMethodHandle$Holder.delegate(java.lang.Object, java.lang.Object, int, java.lang.Object)'> (0x000000008a9c5098) 
thrown [s\open\src\hotspot\share\interpreter\linkResolver.cpp, line 759]
Event: 4.563 Thread 0x0000005fbd5b90d0 Exception <a 'java/lang/NoSuchMethodError'{0x000000008a9c90d0}: 'int java.lang.invoke.DirectMethodHandle$Holder.invokeSpecial(java.lang.Object, java.lang.Object, java.lang.Object)'> (0x000000008a9c90d0) 
thrown [s\open\src\hotspot\share\interpreter\linkResolver.cpp, line 759]
Event: 5.331 Thread 0x0000005fbd5b90d0 Exception <a 'java/lang/ClassNotFoundException'{0x000000008a6126f8}: com/sun/org/apache/xerces/internal/impl/xpath/regex/spi/messageProvider> (0x000000008a6126f8) 
thrown [s\open\src\hotspot\share\classfile\systemDictionary.cpp, line 256]

VM Operations (20 events):
Event: 4.237 Executing VM operation: HandshakeAllThreads done
Event: 4.552 Executing VM operation: HandshakeAllThreads
Event: 4.552 Executing VM operation: HandshakeAllThreads done
Event: 5.464 Executing VM operation: HandshakeAllThreads
Event: 5.464 Executing VM operation: HandshakeAllThreads done
Event: 5.464 Executing VM operation: Cleanup
Event: 5.464 Executing VM operation: Cleanup done
Event: 6.363 Executing VM operation: HandshakeAllThreads
Event: 6.364 Executing VM operation: HandshakeAllThreads done
Event: 6.374 Executing VM operation: HandshakeAllThreads
Event: 6.374 Executing VM operation: HandshakeAllThreads done
Event: 6.464 Executing VM operation: G1CollectForAllocation
Event: 6.494 Executing VM operation: G1CollectForAllocation done
Event: 7.494 Executing VM operation: Cleanup
Event: 7.494 Executing VM operation: Cleanup done
Event: 8.382 Executing VM operation: HandshakeAllThreads
Event: 8.382 Executing VM operation: HandshakeAllThreads done
Event: 8.382 Executing VM operation: HandshakeAllThreads
Event: 8.382 Executing VM operation: HandshakeAllThreads done
Event: 8.401 Executing VM operation: G1CollectForAllocation

Events (20 events):
Event: 7.643 loading class jdk/internal/reflect/Label$PatchInfo
Event: 7.643 loading class jdk/internal/reflect/Label$PatchInfo done
Event: 7.644 loading class jdk/internal/reflect/MethodAccessorGenerator$1
Event: 7.644 loading class jdk/internal/reflect/MethodAccessorGenerator$1 done
Event: 7.644 loading class jdk/internal/reflect/ClassDefiner
Event: 7.644 loading class jdk/internal/reflect/ClassDefiner done
Event: 7.645 loading class jdk/internal/reflect/ClassDefiner$1
Event: 7.645 loading class jdk/internal/reflect/ClassDefiner$1 done
Event: 7.646 loading class jdk/internal/reflect/BootstrapConstructorAccessorImpl
Event: 7.646 loading class jdk/internal/reflect/BootstrapConstructorAccessorImpl done
Event: 7.964 loading class java/lang/invoke/DirectMethodHandle$Special
Event: 7.965 loading class java/lang/invoke/DirectMethodHandle$Special done
Event: 8.004 Thread 0x0000006021bd75f0 Thread added: 0x0000006021bd75f0
Event: 8.021 loading class java/util/concurrent/atomic/AtomicBoolean
Event: 8.022 loading class java/util/concurrent/atomic/AtomicBoolean done
Event: 8.157 loading class jdk/internal/vm/annotation/IntrinsicCandidate
Event: 8.157 loading class jdk/internal/vm/annotation/IntrinsicCandidate done
Event: 8.281 loading class javax/naming/Referenceable
Event: 8.281 loading class javax/naming/Referenceable done
Event: 8.334 Thread 0x0000006021bd75f0 Thread exited: 0x0000006021bd75f0


Dynamic libraries:
0x00007ff6d11b0000 - 0x00007ff6d11c0000 	C:\Program Files\Java\jdk-17\bin\java.exe
0x00007ffceb680000 - 0x00007ffceb82d000 	C:\Windows\SYSTEM32\ntdll.dll
0x00007ffce8f40000 - 0x00007ffce907e000 	C:\Windows\system32\KERNEL32.DLL
0x00007ffce8890000 - 0x00007ffce89a5000 	C:\Windows\system32\KERNELBASE.dll
0x00007ffcd8aa0000 - 0x00007ffcd8ab9000 	C:\Program Files\Java\jdk-17\bin\jli.dll
0x00007ffcd8a00000 - 0x00007ffcd8a1b000 	C:\Program Files\Java\jdk-17\bin\VCRUNTIME140.dll
0x00007ffcd3530000 - 0x00007ffcd3534000 	C:\Program Files\Java\jdk-17\bin\api-ms-win-crt-stdio-l1-1-0.dll
0x00007ffcd0dd0000 - 0x00007ffcd0dd4000 	C:\Program Files\Java\jdk-17\bin\api-ms-win-crt-runtime-l1-1-0.dll
0x00007ffccf1d0000 - 0x00007ffccf1d3000 	C:\Program Files\Java\jdk-17\bin\api-ms-win-crt-environment-l1-1-0.dll
0x00007ffccf1c0000 - 0x00007ffccf1c5000 	C:\Program Files\Java\jdk-17\bin\api-ms-win-crt-math-l1-1-0.dll
0x00007ffccf1b0000 - 0x00007ffccf1b3000 	C:\Program Files\Java\jdk-17\bin\api-ms-win-crt-locale-l1-1-0.dll
0x00007ffccb4d0000 - 0x00007ffccb4d3000 	C:\Program Files\Java\jdk-17\bin\api-ms-win-crt-heap-l1-1-0.dll
0x00007ffceb1f0000 - 0x00007ffceb29a000 	C:\Windows\system32\ADVAPI32.dll
0x00007ffce5980000 - 0x00007ffce5bfa000 	C:\Windows\WinSxS\amd64_microsoft.windows.common-controls_6595b64144ccf1df_6.0.9600.17810_none_6240b9c7ecbd0bda\COMCTL32.dll
0x00007ffce8dc0000 - 0x00007ffce8f37000 	C:\Windows\system32\USER32.dll
0x00007ffce1c70000 - 0x00007ffce1c7a000 	C:\Windows\SYSTEM32\VERSION.dll
0x00007ffccb4c0000 - 0x00007ffccb4c3000 	C:\Program Files\Java\jdk-17\bin\api-ms-win-crt-filesystem-l1-1-0.dll
0x00007ffccb4b0000 - 0x00007ffccb4b4000 	C:\Program Files\Java\jdk-17\bin\api-ms-win-crt-string-l1-1-0.dll
0x00007ffccb4a0000 - 0x00007ffccb4a4000 	C:\Program Files\Java\jdk-17\bin\api-ms-win-crt-convert-l1-1-0.dll
0x00007ffceaa60000 - 0x00007ffceab0a000 	C:\Windows\system32\msvcrt.dll
0x00007ffceb190000 - 0x00007ffceb1e9000 	C:\Windows\SYSTEM32\sechost.dll
0x00007ffceb040000 - 0x00007ffceb181000 	C:\Windows\system32\RPCRT4.dll
0x00007ffcea6f0000 - 0x00007ffcea841000 	C:\Windows\system32\GDI32.dll
0x00007ffcc8960000 - 0x00007ffcc8a60000 	C:\Program Files\Java\jdk-17\bin\ucrtbase.DLL
0x00007ffceb000000 - 0x00007ffceb036000 	C:\Windows\system32\IMM32.DLL
0x00007ffceb2a0000 - 0x00007ffceb3f3000 	C:\Windows\system32\MSCTF.dll
0x00007ffcd8a90000 - 0x00007ffcd8a9c000 	C:\Program Files\Java\jdk-17\bin\vcruntime140_1.dll
0x00007ffcca7d0000 - 0x00007ffcca85e000 	C:\Program Files\Java\jdk-17\bin\msvcp140.dll
0x00007ffcd8a80000 - 0x00007ffcd8a83000 	C:\Program Files\Java\jdk-17\bin\api-ms-win-crt-time-l1-1-0.dll
0x00007ffcd8a70000 - 0x00007ffcd8a73000 	C:\Program Files\Java\jdk-17\bin\api-ms-win-crt-utility-l1-1-0.dll
0x00007ffcc7d80000 - 0x00007ffcc895e000 	C:\Program Files\Java\jdk-17\bin\server\jvm.dll
0x00007ffce5860000 - 0x00007ffce5869000 	C:\Windows\SYSTEM32\WSOCK32.dll
0x00007ffce31f0000 - 0x00007ffce3212000 	C:\Windows\SYSTEM32\WINMM.dll
0x00007ffcea9f0000 - 0x00007ffcea9f7000 	C:\Windows\system32\PSAPI.DLL
0x00007ffceb620000 - 0x00007ffceb67a000 	C:\Windows\system32\WS2_32.dll
0x00007ffce26d0000 - 0x00007ffce26fa000 	C:\Windows\SYSTEM32\WINMMBASE.dll
0x00007ffcead50000 - 0x00007ffcead59000 	C:\Windows\system32\NSI.dll
0x00007ffce89b0000 - 0x00007ffce89ff000 	C:\Windows\SYSTEM32\cfgmgr32.dll
0x00007ffce75e0000 - 0x00007ffce7608000 	C:\Windows\SYSTEM32\DEVOBJ.dll
0x00007ffcd8a60000 - 0x00007ffcd8a6a000 	C:\Program Files\Java\jdk-17\bin\jimage.dll
0x00007ffcdf9a0000 - 0x00007ffcdfb2a000 	C:\Windows\SYSTEM32\DBGHELP.DLL
0x00007ffcca2b0000 - 0x00007ffcca2be000 	C:\Program Files\Java\jdk-17\bin\instrument.dll
0x00007ffcd8a30000 - 0x00007ffcd8a55000 	C:\Program Files\Java\jdk-17\bin\java.dll
0x00007ffcc8b50000 - 0x00007ffcc8c27000 	C:\Program Files\Java\jdk-17\bin\jsvml.dll
0x00007ffce9080000 - 0x00007ffcea5a8000 	C:\Windows\system32\SHELL32.dll
0x00007ffceb400000 - 0x00007ffceb611000 	C:\Windows\SYSTEM32\combase.dll
0x00007ffceab10000 - 0x00007ffceab64000 	C:\Windows\system32\SHLWAPI.dll
0x00007ffce6d10000 - 0x00007ffce6dc2000 	C:\Windows\SYSTEM32\SHCORE.dll
0x00007ffce87c0000 - 0x00007ffce87d5000 	C:\Windows\SYSTEM32\profapi.dll
0x00007ffcc8b30000 - 0x00007ffcc8b48000 	C:\Program Files\Java\jdk-17\bin\zip.dll
0x00007ffccb480000 - 0x00007ffccb499000 	C:\Program Files\Java\jdk-17\bin\net.dll
0x00007ffce1ca0000 - 0x00007ffce1d69000 	C:\Windows\SYSTEM32\WINHTTP.dll
0x00007ffce7fd0000 - 0x00007ffce8029000 	C:\Windows\system32\mswsock.dll
0x00007ffccb460000 - 0x00007ffccb476000 	C:\Program Files\Java\jdk-17\bin\nio.dll
0x00007ffcca100000 - 0x00007ffcca11a000 	C:\Program Files\JetBrains\IntelliJ IDEA 2023.2.2\bin\breakgen64.dll
0x00007ffcca080000 - 0x00007ffcca090000 	C:\Program Files\Java\jdk-17\bin\verify.dll

dbghelp: loaded successfully - version: 4.0.5 - missing functions: none
symbol engine: initialized successfully - sym options: 0x614 - pdb path: .;C:\Program Files\Java\jdk-17\bin;C:\Windows\SYSTEM32;C:\Windows\WinSxS\amd64_microsoft.windows.common-controls_6595b64144ccf1df_6.0.9600.17810_none_6240b9c7ecbd0bda;C:\Program Files\Java\jdk-17\bin\server;C:\Program Files\JetBrains\IntelliJ IDEA 2023.2.2\bin

VM Arguments:
jvm_args: -javaagent:C:\Program Files\JetBrains\IntelliJ IDEA 2023.2.2\lib\idea_rt.jar=63213:C:\Program Files\JetBrains\IntelliJ IDEA 2023.2.2\bin -Dfile.encoding=UTF-8 
java_command: fit.iuh.edu.week02_lap_20062501_phamtronghieu_server.RunJPA
java_class_path (initial): C:\Users\PhamHieu\Downloads\WWW\Server\Week02_lap_20062501_PhamTrongHieu_Server\target\classes;C:\Users\PhamHieu\.m2\repository\jakarta\persistence\jakarta.persistence-api\3.1.0\jakarta.persistence-api-3.1.0.jar;C:\Users\PhamHieu\.m2\repository\org\mariadb\jdbc\mariadb-java-client\3.1.4\mariadb-java-client-3.1.4.jar;C:\Users\PhamHieu\.m2\repository\com\github\waffle\waffle-jna\3.2.0\waffle-jna-3.2.0.jar;C:\Users\PhamHieu\.m2\repository\net\java\dev\jna\jna\5.12.1\jna-5.12.1.jar;C:\Users\PhamHieu\.m2\repository\net\java\dev\jna\jna-platform\5.12.1\jna-platform-5.12.1.jar;C:\Users\PhamHieu\.m2\repository\org\slf4j\jcl-over-slf4j\1.7.36\jcl-over-slf4j-1.7.36.jar;C:\Users\PhamHieu\.m2\repository\org\slf4j\slf4j-api\1.7.36\slf4j-api-1.7.36.jar;C:\Users\PhamHieu\.m2\repository\com\github\ben-manes\caffeine\caffeine\2.9.3\caffeine-2.9.3.jar;C:\Users\PhamHieu\.m2\repository\com\google\errorprone\error_prone_annotations\2.10.0\error_prone_annotations-2.10.0.jar;C:\Users\PhamHieu\.m2\repository\org\checkerframework\checker-qual\3.23.0\checker-qual-3.23.0.jar;C:\Users\PhamHieu\.m2\repository\org\hibernate\orm\hibernate-core\6.0.2.Final\hibernate-core-6.0.2.Final.jar;C:\Users\PhamHieu\.m2\repository\jakarta\transaction\jakarta.transaction-api\2.0.0\jakarta.transaction-api-2.0.0.jar;C:\Users\PhamHieu\.m2\repository\org\jboss\logging\jboss-logging\3.4.3.Final\jboss-logging-3.4.3.Final.jar;C:\Users\PhamHieu\.m2\repository\org\hibernate\common\hibernate-commons-annotations\6.0.1.Final\hibernate-commons-annotations-6.0.1.Final.jar;C:\Users\PhamHieu\.m2\repository\org\jboss\jandex\2.4.2.Final\jandex-2.4.2.Final.jar;C:\Users\PhamHieu\.m2\repository\com\fasterxml\classmate\1.5.1\classmate-1.5.1.jar;C:\Users\PhamHieu\.m2\repository\net\bytebuddy\byte-buddy\1.12.9\byte-buddy-1.12.9.jar;C:\Users\PhamHieu\.m2\repository\jakarta\xml\bind\jakarta.xml.bind-api\3.0.1\jakarta.xml.bind-api-3.0.1.jar;C:\Users\PhamHieu\.m2\repository\jakarta\inject\jakarta.inject-api\2
Launcher Type: SUN_STANDARD

[Global flags]
     intx CICompilerCount                          = 3                                         {product} {ergonomic}
     uint ConcGCThreads                            = 1                                         {product} {ergonomic}
     uint G1ConcRefinementThreads                  = 4                                         {product} {ergonomic}
   size_t G1HeapRegionSize                         = 1048576                                   {product} {ergonomic}
    uintx GCDrainStackTargetSize                   = 64                                        {product} {ergonomic}
   size_t InitialHeapSize                          = 132120576                                 {product} {ergonomic}
   size_t MarkStackSize                            = 4194304                                   {product} {ergonomic}
   size_t MaxHeapSize                              = 2095054848                                {product} {ergonomic}
   size_t MaxNewSize                               = 1256194048                                {product} {ergonomic}
   size_t MinHeapDeltaBytes                        = 1048576                                   {product} {ergonomic}
   size_t MinHeapSize                              = 8388608                                   {product} {ergonomic}
    uintx NonNMethodCodeHeapSize                   = 5832780                                {pd product} {ergonomic}
    uintx NonProfiledCodeHeapSize                  = 122912730                              {pd product} {ergonomic}
    uintx ProfiledCodeHeapSize                     = 122912730                              {pd product} {ergonomic}
    uintx ReservedCodeCacheSize                    = 251658240                              {pd product} {ergonomic}
     bool SegmentedCodeCache                       = true                                      {product} {ergonomic}
   size_t SoftMaxHeapSize                          = 2095054848                             {manageable} {ergonomic}
     bool UseCompressedClassPointers               = true                           {product lp64_product} {ergonomic}
     bool UseCompressedOops                        = true                           {product lp64_product} {ergonomic}
     bool UseG1GC                                  = true                                      {product} {ergonomic}
     bool UseLargePagesIndividualAllocation        = false                                  {pd product} {ergonomic}

Logging:
Log output configuration:
 #0: stdout all=warning uptime,level,tags
 #1: stderr all=off uptime,level,tags

Environment Variables:
JAVA_HOME=C:\Program Files\Java\jdk-17
PATH=C:\Program Files\Common Files\Oracle\Java\javapath;C:\Program Files (x86)\Common Files\Oracle\Java\javapath;C:\Windows\system32;C:\Windows;C:\Windows\System32\Wbem;C:\Windows\System32\WindowsPowerShell\v1.0\;C:\Program Files\Microsoft SQL Server\Client SDK\ODBC\110\Tools\Binn\;C:\Program Files (x86)\Microsoft SQL Server\120\Tools\Binn\;C:\Program Files\Microsoft SQL Server\120\Tools\Binn\;C:\Program Files\Microsoft SQL Server\120\DTS\Binn\;C:\Program Files\Microsoft SQL Server\Client SDK\ODBC\130\Tools\Binn\;C:\Program Files (x86)\Microsoft SQL Server\130\Tools\Binn\;C:\Program Files\Microsoft SQL Server\130\Tools\Binn\;C:\Program Files\Microsoft SQL Server\130\DTS\Binn\;C:\Program Files (x86)\Microsoft SQL Server\120\Tools\Binn\ManagementStudio\;C:\Program Files (x86)\Microsoft SQL Server\120\DTS\Binn\;C:\Program Files\Microsoft SQL Server\110\Tools\Binn\;C:\Program Files (x86)\Microsoft SQL Server\110\Tools\Binn\;C:\Program Files\Microsoft SQL Server\110\DTS\Binn\;C:\Program Files (x86)\Microsoft SQL Server\110\Tools\Binn\ManagementStudio\;C:\Program Files (x86)\Microsoft SQL Server\110\DTS\Binn\;C:\Users\HieuPCW\AppData\Roaming\nvm;C:\Program Files\nodejs;C:\Users\HieuPCW\AppData\Roaming\nvm;C:\Program Files\Git\cmd;C:\Users\HieuPCW\AppData\Local\Android\Sdk\platform-tools;D:\gradle-8.2\bin;D:\gradle-8.2.1
USERNAME=PhamHieu
OS=Windows_NT
PROCESSOR_IDENTIFIER=Intel64 Family 6 Model 37 Stepping 5, GenuineIntel



---------------  S Y S T E M  ---------------

OS:
 Windows 8.1 , 64 bit Build 9600 (6.3.9600.17415)
OS uptime: 4 days 2:15 hours

CPU: total 4 (initial active 4) (2 cores per cpu, 2 threads per core) family 6 model 37 stepping 5 microcode 0x3, cx8, cmov, fxsr, ht, mmx, sse, sse2, sse3, ssse3, sse4.1, sse4.2, popcnt, tsc, tscinvbit, aes, clmul, clflush

Memory: 4k page, system-wide physical 7989M (943M free)
TotalPageFile size 12085M (AvailPageFile size 4M)
current process WorkingSet (physical memory assigned to process): 75M, peak: 75M
current process commit charge ("private bytes"): 219M, peak: 219M

vm_info: Java HotSpot(TM) 64-Bit Server VM (17.0.8+9-LTS-211) for windows-amd64 JRE (17.0.8+9-LTS-211), built on Jun 14 2023 10:34:31 by "mach5one" with MS VC++ 17.1 (VS2022)

END.
